12:30:46 **** Build of configuration Debug for project Primer_Parcial_1ºh ****
make all 
Building file: ../src/auxiliarCliente.c
Invoking: GCC C Compiler
gcc -O0 -g3 -Wall -c -fmessage-length=0 -MMD -MP -MF"src/auxiliarCliente.d" -MT"src/auxiliarCliente.o" -o "src/auxiliarCliente.o" "../src/auxiliarCliente.c"
Finished building: ../src/auxiliarCliente.c
 
Building file: ../src/cliente.c
Invoking: GCC C Compiler
gcc -O0 -g3 -Wall -c -fmessage-length=0 -MMD -MP -MF"src/cliente.d" -MT"src/cliente.o" -o "src/cliente.o" "../src/cliente.c"
Finished building: ../src/cliente.c
 
Building file: ../src/informes.c
Invoking: GCC C Compiler
gcc -O0 -g3 -Wall -c -fmessage-length=0 -MMD -MP -MF"src/informes.d" -MT"src/informes.o" -o "src/informes.o" "../src/informes.c"
Finished building: ../src/informes.c
 
Building file: ../src/main.c
Invoking: GCC C Compiler
gcc -O0 -g3 -Wall -c -fmessage-length=0 -MMD -MP -MF"src/main.d" -MT"src/main.o" -o "src/main.o" "../src/main.c"
Finished building: ../src/main.c
 
Building target: Primer_Parcial_1ºh
Invoking: GCC C Linker
gcc  -o "Primer_Parcial_1ºh"  ./src/auxiliarCliente.o ./src/cliente.o ./src/informes.o ./src/main.o ./src/pedidoCliente.o ./src/utn.o   
Finished building target: Primer_Parcial_1ºh
 
12:30:51 **** Incremental Build of configuration Debug for project Primer_Parcial_1ºh ****
make all 
make: No se hace nada para 'all'.
12:32:55 **** Incremental Build of configuration Debug for project Primer_Parcial_1ºh ****
make all 
Building file: ../src/auxiliarCliente.c
Invoking: GCC C Compiler
gcc -O0 -g3 -Wall -c -fmessage-length=0 -MMD -MP -MF"src/auxiliarCliente.d" -MT"src/auxiliarCliente.o" -o "src/auxiliarCliente.o" "../src/auxiliarCliente.c"
Finished building: ../src/auxiliarCliente.c
 
Building file: ../src/cliente.c
Invoking: GCC C Compiler
gcc -O0 -g3 -Wall -c -fmessage-length=0 -MMD -MP -MF"src/cliente.d" -MT"src/cliente.o" -o "src/cliente.o" "../src/cliente.c"
Finished building: ../src/cliente.c
 
Building file: ../src/informes.c
Invoking: GCC C Compiler
gcc -O0 -g3 -Wall -c -fmessage-length=0 -MMD -MP -MF"src/informes.d" -MT"src/informes.o" -o "src/informes.o" "../src/informes.c"
Finished building: ../src/informes.c
 
Building file: ../src/main.c
Invoking: GCC C Compiler
gcc -O0 -g3 -Wall -c -fmessage-length=0 -MMD -MP -MF"src/main.d" -MT"src/main.o" -o "src/main.o" "../src/main.c"
Finished building: ../src/main.c
 
Building file: ../src/pedidoCliente.c
Invoking: GCC C Compiler
gcc -O0 -g3 -Wall -c -fmessage-length=0 -MMD -MP -MF"src/pedidoCliente.d" -MT"src/pedidoCliente.o" -o "src/pedidoCliente.o" "../src/pedidoCliente.c"
Finished building: ../src/pedidoCliente.c
 
Building file: ../src/utn.c
Invoking: GCC C Compiler
gcc -O0 -g3 -Wall -c -fmessage-length=0 -MMD -MP -MF"src/utn.d" -MT"src/utn.o" -o "src/utn.o" "../src/utn.c"
../src/utn.c: In function ‘getInt’:
../src/utn.c:44:8: warning: implicit declaration of function ‘getString’; did you mean ‘getline’? [-Wimplicit-function-declaration]
    if((getString(bufferStr,mensaje,mensajeError,1,50,2)==0) && (esInt(bufferStr))==0)
        ^~~~~~~~~
        getline
../src/utn.c:44:65: warning: implicit declaration of function ‘esInt’; did you mean ‘getInt’? [-Wimplicit-function-declaration]
    if((getString(bufferStr,mensaje,mensajeError,1,50,2)==0) && (esInt(bufferStr))==0)
                                                                 ^~~~~
                                                                 getInt
Finished building: ../src/utn.c
 
Building target: Primer_Parcial_1ºh
Invoking: GCC C Linker
gcc  -o "Primer_Parcial_1ºh"  ./src/auxiliarCliente.o ./src/cliente.o ./src/informes.o ./src/main.o ./src/pedidoCliente.o ./src/utn.o   
Finished building target: Primer_Parcial_1ºh
 
12:33:31 **** Incremental Build of configuration Debug for project Primer_Parcial_1ºh ****
make all 
Building file: ../src/utn.c
Invoking: GCC C Compiler
gcc -O0 -g3 -Wall -c -fmessage-length=0 -MMD -MP -MF"src/utn.d" -MT"src/utn.o" -o "src/utn.o" "../src/utn.c"
Finished building: ../src/utn.c
 
Building target: Primer_Parcial_1ºh
Invoking: GCC C Linker
gcc  -o "Primer_Parcial_1ºh"  ./src/auxiliarCliente.o ./src/cliente.o ./src/informes.o ./src/main.o ./src/pedidoCliente.o ./src/utn.o   
Finished building target: Primer_Parcial_1ºh
 
12:33:34 **** Incremental Build of configuration Debug for project Primer_Parcial_1ºh ****
make all 
make: No se hace nada para 'all'.
12:35:47 **** Incremental Build of configuration Debug for project Primer_Parcial_1ºh ****
make all 
make: No se hace nada para 'all'.
12:35:50 **** Incremental Build of configuration Debug for project Primer_Parcial_1ºh ****
make all 
make: No se hace nada para 'all'.
12:50:54 **** Incremental Build of configuration Debug for project Primer_Parcial_1ºh ****
make all 
Building file: ../src/pedidoCliente.c
Invoking: GCC C Compiler
gcc -O0 -g3 -Wall -c -fmessage-length=0 -MMD -MP -MF"src/pedidoCliente.d" -MT"src/pedidoCliente.o" -o "src/pedidoCliente.o" "../src/pedidoCliente.c"
Finished building: ../src/pedidoCliente.c
 
Building target: Primer_Parcial_1ºh
Invoking: GCC C Linker
gcc  -o "Primer_Parcial_1ºh"  ./src/auxiliarCliente.o ./src/cliente.o ./src/informes.o ./src/main.o ./src/pedidoCliente.o ./src/utn.o   
Finished building target: Primer_Parcial_1ºh
 
12:50:59 **** Incremental Build of configuration Debug for project Primer_Parcial_1ºh ****
make all 
make: No se hace nada para 'all'.
12:54:18 **** Incremental Build of configuration Debug for project Primer_Parcial_1ºh ****
make all 
Building file: ../src/pedidoCliente.c
Invoking: GCC C Compiler
gcc -O0 -g3 -Wall -c -fmessage-length=0 -MMD -MP -MF"src/pedidoCliente.d" -MT"src/pedidoCliente.o" -o "src/pedidoCliente.o" "../src/pedidoCliente.c"
Finished building: ../src/pedidoCliente.c
 
Building target: Primer_Parcial_1ºh
Invoking: GCC C Linker
gcc  -o "Primer_Parcial_1ºh"  ./src/auxiliarCliente.o ./src/cliente.o ./src/informes.o ./src/main.o ./src/pedidoCliente.o ./src/utn.o   
Finished building target: Primer_Parcial_1ºh
 
12:54:21 **** Incremental Build of configuration Debug for project Primer_Parcial_1ºh ****
make all 
make: No se hace nada para 'all'.
12:55:24 **** Incremental Build of configuration Debug for project Primer_Parcial_1ºh ****
make all 
Building file: ../src/pedidoCliente.c
Invoking: GCC C Compiler
gcc -O0 -g3 -Wall -c -fmessage-length=0 -MMD -MP -MF"src/pedidoCliente.d" -MT"src/pedidoCliente.o" -o "src/pedidoCliente.o" "../src/pedidoCliente.c"
Finished building: ../src/pedidoCliente.c
 
Building target: Primer_Parcial_1ºh
Invoking: GCC C Linker
gcc  -o "Primer_Parcial_1ºh"  ./src/auxiliarCliente.o ./src/cliente.o ./src/informes.o ./src/main.o ./src/pedidoCliente.o ./src/utn.o   
Finished building target: Primer_Parcial_1ºh
 
12:55:27 **** Incremental Build of configuration Debug for project Primer_Parcial_1ºh ****
make all 
make: No se hace nada para 'all'.
13:00:25 **** Incremental Build of configuration Debug for project Primer_Parcial_1ºh ****
make all 
Building file: ../src/pedidoCliente.c
Invoking: GCC C Compiler
gcc -O0 -g3 -Wall -c -fmessage-length=0 -MMD -MP -MF"src/pedidoCliente.d" -MT"src/pedidoCliente.o" -o "src/pedidoCliente.o" "../src/pedidoCliente.c"
Finished building: ../src/pedidoCliente.c
 
Building target: Primer_Parcial_1ºh
Invoking: GCC C Linker
gcc  -o "Primer_Parcial_1ºh"  ./src/auxiliarCliente.o ./src/cliente.o ./src/informes.o ./src/main.o ./src/pedidoCliente.o ./src/utn.o   
Finished building target: Primer_Parcial_1ºh
 
13:00:28 **** Incremental Build of configuration Debug for project Primer_Parcial_1ºh ****
make all 
make: No se hace nada para 'all'.
13:02:58 **** Incremental Build of configuration Debug for project Primer_Parcial_1ºh ****
make all 
Building file: ../src/pedidoCliente.c
Invoking: GCC C Compiler
gcc -O0 -g3 -Wall -c -fmessage-length=0 -MMD -MP -MF"src/pedidoCliente.d" -MT"src/pedidoCliente.o" -o "src/pedidoCliente.o" "../src/pedidoCliente.c"
Finished building: ../src/pedidoCliente.c
 
Building target: Primer_Parcial_1ºh
Invoking: GCC C Linker
gcc  -o "Primer_Parcial_1ºh"  ./src/auxiliarCliente.o ./src/cliente.o ./src/informes.o ./src/main.o ./src/pedidoCliente.o ./src/utn.o   
Finished building target: Primer_Parcial_1ºh
 
13:05:21 **** Build of configuration Debug for project Primer_Parcial_1ºh ****
make all 
Building file: ../src/auxiliarCliente.c
Invoking: GCC C Compiler
gcc -O0 -g3 -Wall -c -fmessage-length=0 -MMD -MP -MF"src/auxiliarCliente.d" -MT"src/auxiliarCliente.o" -o "src/auxiliarCliente.o" "../src/auxiliarCliente.c"
Finished building: ../src/auxiliarCliente.c
 
Building file: ../src/cliente.c
Invoking: GCC C Compiler
gcc -O0 -g3 -Wall -c -fmessage-length=0 -MMD -MP -MF"src/cliente.d" -MT"src/cliente.o" -o "src/cliente.o" "../src/cliente.c"
Finished building: ../src/cliente.c
 
Building file: ../src/informes.c
Invoking: GCC C Compiler
gcc -O0 -g3 -Wall -c -fmessage-length=0 -MMD -MP -MF"src/informes.d" -MT"src/informes.o" -o "src/informes.o" "../src/informes.c"
Finished building: ../src/informes.c
 
Building target: Primer_Parcial_1ºh
Invoking: GCC C Linker
gcc  -o "Primer_Parcial_1ºh"  ./src/auxiliarCliente.o ./src/cliente.o ./src/informes.o ./src/main.o ./src/pedidoCliente.o ./src/utn.o   
Finished building target: Primer_Parcial_1ºh
 
13:05:24 **** Incremental Build of configuration Debug for project Primer_Parcial_1ºh ****
make all 
make: No se hace nada para 'all'.
13:09:18 **** Incremental Build of configuration Debug for project Primer_Parcial_1ºh ****
make all 
Building file: ../src/pedidoCliente.c
Invoking: GCC C Compiler
gcc -O0 -g3 -Wall -c -fmessage-length=0 -MMD -MP -MF"src/pedidoCliente.d" -MT"src/pedidoCliente.o" -o "src/pedidoCliente.o" "../src/pedidoCliente.c"
Finished building: ../src/pedidoCliente.c
 
Building target: Primer_Parcial_1ºh
Invoking: GCC C Linker
gcc  -o "Primer_Parcial_1ºh"  ./src/auxiliarCliente.o ./src/cliente.o ./src/informes.o ./src/main.o ./src/pedidoCliente.o ./src/utn.o   
Finished building target: Primer_Parcial_1ºh
 
13:12:00 **** Incremental Build of configuration Debug for project Primer_Parcial_1ºh ****
make all 
Building file: ../src/pedidoCliente.c
Invoking: GCC C Compiler
gcc -O0 -g3 -Wall -c -fmessage-length=0 -MMD -MP -MF"src/pedidoCliente.d" -MT"src/pedidoCliente.o" -o "src/pedidoCliente.o" "../src/pedidoCliente.c"
Finished building: ../src/pedidoCliente.c
 
Building target: Primer_Parcial_1ºh
Invoking: GCC C Linker
gcc  -o "Primer_Parcial_1ºh"  ./src/auxiliarCliente.o ./src/cliente.o ./src/informes.o ./src/main.o ./src/pedidoCliente.o ./src/utn.o   
Finished building target: Primer_Parcial_1ºh
 
13:12:05 **** Incremental Build of configuration Debug for project Primer_Parcial_1ºh ****
make all 
make: No se hace nada para 'all'.
13:14:20 **** Incremental Build of configuration Debug for project Primer_Parcial_1ºh ****
make all 
Building file: ../src/pedidoCliente.c
Invoking: GCC C Compiler
gcc -O0 -g3 -Wall -c -fmessage-length=0 -MMD -MP -MF"src/pedidoCliente.d" -MT"src/pedidoCliente.o" -o "src/pedidoCliente.o" "../src/pedidoCliente.c"
Finished building: ../src/pedidoCliente.c
 
Building target: Primer_Parcial_1ºh
Invoking: GCC C Linker
gcc  -o "Primer_Parcial_1ºh"  ./src/auxiliarCliente.o ./src/cliente.o ./src/informes.o ./src/main.o ./src/pedidoCliente.o ./src/utn.o   
Finished building target: Primer_Parcial_1ºh
 
13:15:18 **** Incremental Build of configuration Debug for project Primer_Parcial_1ºh ****
make all 
Building file: ../src/pedidoCliente.c
Invoking: GCC C Compiler
gcc -O0 -g3 -Wall -c -fmessage-length=0 -MMD -MP -MF"src/pedidoCliente.d" -MT"src/pedidoCliente.o" -o "src/pedidoCliente.o" "../src/pedidoCliente.c"
Finished building: ../src/pedidoCliente.c
 
Building target: Primer_Parcial_1ºh
Invoking: GCC C Linker
gcc  -o "Primer_Parcial_1ºh"  ./src/auxiliarCliente.o ./src/cliente.o ./src/informes.o ./src/main.o ./src/pedidoCliente.o ./src/utn.o   
Finished building target: Primer_Parcial_1ºh
 
13:17:03 **** Incremental Build of configuration Debug for project Primer_Parcial_1ºh ****
make all 
Building file: ../src/pedidoCliente.c
Invoking: GCC C Compiler
gcc -O0 -g3 -Wall -c -fmessage-length=0 -MMD -MP -MF"src/pedidoCliente.d" -MT"src/pedidoCliente.o" -o "src/pedidoCliente.o" "../src/pedidoCliente.c"
Finished building: ../src/pedidoCliente.c
 
Building target: Primer_Parcial_1ºh
Invoking: GCC C Linker
gcc  -o "Primer_Parcial_1ºh"  ./src/auxiliarCliente.o ./src/cliente.o ./src/informes.o ./src/main.o ./src/pedidoCliente.o ./src/utn.o   
Finished building target: Primer_Parcial_1ºh
 
13:17:09 **** Incremental Build of configuration Debug for project Primer_Parcial_1ºh ****
make all 
make: No se hace nada para 'all'.
13:18:30 **** Incremental Build of configuration Debug for project Primer_Parcial_1ºh ****
make all 
Building file: ../src/pedidoCliente.c
Invoking: GCC C Compiler
gcc -O0 -g3 -Wall -c -fmessage-length=0 -MMD -MP -MF"src/pedidoCliente.d" -MT"src/pedidoCliente.o" -o "src/pedidoCliente.o" "../src/pedidoCliente.c"
Finished building: ../src/pedidoCliente.c
 
Building target: Primer_Parcial_1ºh
Invoking: GCC C Linker
gcc  -o "Primer_Parcial_1ºh"  ./src/auxiliarCliente.o ./src/cliente.o ./src/informes.o ./src/main.o ./src/pedidoCliente.o ./src/utn.o   
Finished building target: Primer_Parcial_1ºh
 
13:19:28 **** Incremental Build of configuration Debug for project Primer_Parcial_1ºh ****
make all 
Building file: ../src/pedidoCliente.c
Invoking: GCC C Compiler
gcc -O0 -g3 -Wall -c -fmessage-length=0 -MMD -MP -MF"src/pedidoCliente.d" -MT"src/pedidoCliente.o" -o "src/pedidoCliente.o" "../src/pedidoCliente.c"
Finished building: ../src/pedidoCliente.c
 
Building target: Primer_Parcial_1ºh
Invoking: GCC C Linker
gcc  -o "Primer_Parcial_1ºh"  ./src/auxiliarCliente.o ./src/cliente.o ./src/informes.o ./src/main.o ./src/pedidoCliente.o ./src/utn.o   
Finished building target: Primer_Parcial_1ºh
 
13:23:40 **** Incremental Build of configuration Debug for project Primer_Parcial_1ºh ****
make all 
Building file: ../src/pedidoCliente.c
Invoking: GCC C Compiler
gcc -O0 -g3 -Wall -c -fmessage-length=0 -MMD -MP -MF"src/pedidoCliente.d" -MT"src/pedidoCliente.o" -o "src/pedidoCliente.o" "../src/pedidoCliente.c"
Finished building: ../src/pedidoCliente.c
 
Building target: Primer_Parcial_1ºh
Invoking: GCC C Linker
gcc  -o "Primer_Parcial_1ºh"  ./src/auxiliarCliente.o ./src/cliente.o ./src/informes.o ./src/main.o ./src/pedidoCliente.o ./src/utn.o   
Finished building target: Primer_Parcial_1ºh
 
13:24:24 **** Incremental Build of configuration Debug for project Primer_Parcial_1ºh ****
make all 
Building file: ../src/pedidoCliente.c
Invoking: GCC C Compiler
gcc -O0 -g3 -Wall -c -fmessage-length=0 -MMD -MP -MF"src/pedidoCliente.d" -MT"src/pedidoCliente.o" -o "src/pedidoCliente.o" "../src/pedidoCliente.c"
Finished building: ../src/pedidoCliente.c
 
Building target: Primer_Parcial_1ºh
Invoking: GCC C Linker
gcc  -o "Primer_Parcial_1ºh"  ./src/auxiliarCliente.o ./src/cliente.o ./src/informes.o ./src/main.o ./src/pedidoCliente.o ./src/utn.o   
Finished building target: Primer_Parcial_1ºh
 
13:25:03 **** Incremental Build of configuration Debug for project Primer_Parcial_1ºh ****
make all 
Building file: ../src/pedidoCliente.c
Invoking: GCC C Compiler
gcc -O0 -g3 -Wall -c -fmessage-length=0 -MMD -MP -MF"src/pedidoCliente.d" -MT"src/pedidoCliente.o" -o "src/pedidoCliente.o" "../src/pedidoCliente.c"
Finished building: ../src/pedidoCliente.c
 
Building target: Primer_Parcial_1ºh
Invoking: GCC C Linker
gcc  -o "Primer_Parcial_1ºh"  ./src/auxiliarCliente.o ./src/cliente.o ./src/informes.o ./src/main.o ./src/pedidoCliente.o ./src/utn.o   
Finished building target: Primer_Parcial_1ºh
 
13:25:07 **** Incremental Build of configuration Debug for project Primer_Parcial_1ºh ****
make all 
make: No se hace nada para 'all'.
13:27:48 **** Incremental Build of configuration Debug for project Primer_Parcial_1ºh ****
make all 
Building file: ../src/pedidoCliente.c
Invoking: GCC C Compiler
gcc -O0 -g3 -Wall -c -fmessage-length=0 -MMD -MP -MF"src/pedidoCliente.d" -MT"src/pedidoCliente.o" -o "src/pedidoCliente.o" "../src/pedidoCliente.c"
../src/pedidoCliente.c: In function ‘contarYmostrarCantidadPedidosPorCliente’:
../src/pedidoCliente.c:470:5: warning: this ‘if’ clause does not guard... [-Wmisleading-indentation]
     if((aCliente[i].idCliente == aPedido[j].idCliente) &&
     ^~
../src/pedidoCliente.c:474:6: note: ...this statement, but the latter is misleadingly indented as if it were guarded by the ‘if’
      printf("numero de pedido %d\n",aPedido[j].id_pedido);
      ^~~~~~
../src/pedidoCliente.c: At top level:
../src/pedidoCliente.c:488:2: error: expected identifier or ‘(’ before ‘return’
  return retorno;
  ^~~~~~
../src/pedidoCliente.c:489:1: error: expected identifier or ‘(’ before ‘}’ token
 }
 ^
../src/pedidoCliente.c: In function ‘contarYmostrarCantidadPedidosPorCliente’:
../src/pedidoCliente.c:487:2: warning: control reaches end of non-void function [-Wreturn-type]
  }
  ^
make: *** [src/subdir.mk:35: src/pedidoCliente.o] Error 1
"make all" terminated with exit code 2. Build might be incomplete.
13:27:58 **** Incremental Build of configuration Debug for project Primer_Parcial_1ºh ****
make all 
Building file: ../src/pedidoCliente.c
Invoking: GCC C Compiler
gcc -O0 -g3 -Wall -c -fmessage-length=0 -MMD -MP -MF"src/pedidoCliente.d" -MT"src/pedidoCliente.o" -o "src/pedidoCliente.o" "../src/pedidoCliente.c"
Finished building: ../src/pedidoCliente.c
 
Building target: Primer_Parcial_1ºh
Invoking: GCC C Linker
gcc  -o "Primer_Parcial_1ºh"  ./src/auxiliarCliente.o ./src/cliente.o ./src/informes.o ./src/main.o ./src/pedidoCliente.o ./src/utn.o   
Finished building target: Primer_Parcial_1ºh
 
13:28:01 **** Incremental Build of configuration Debug for project Primer_Parcial_1ºh ****
make all 
make: No se hace nada para 'all'.
13:29:25 **** Incremental Build of configuration Debug for project Primer_Parcial_1ºh ****
make all 
Building file: ../src/pedidoCliente.c
Invoking: GCC C Compiler
gcc -O0 -g3 -Wall -c -fmessage-length=0 -MMD -MP -MF"src/pedidoCliente.d" -MT"src/pedidoCliente.o" -o "src/pedidoCliente.o" "../src/pedidoCliente.c"
Finished building: ../src/pedidoCliente.c
 
Building target: Primer_Parcial_1ºh
Invoking: GCC C Linker
gcc  -o "Primer_Parcial_1ºh"  ./src/auxiliarCliente.o ./src/cliente.o ./src/informes.o ./src/main.o ./src/pedidoCliente.o ./src/utn.o   
Finished building target: Primer_Parcial_1ºh
 
13:30:48 **** Incremental Build of configuration Debug for project Primer_Parcial_1ºh ****
make all 
Building file: ../src/pedidoCliente.c
Invoking: GCC C Compiler
gcc -O0 -g3 -Wall -c -fmessage-length=0 -MMD -MP -MF"src/pedidoCliente.d" -MT"src/pedidoCliente.o" -o "src/pedidoCliente.o" "../src/pedidoCliente.c"
Finished building: ../src/pedidoCliente.c
 
Building target: Primer_Parcial_1ºh
Invoking: GCC C Linker
gcc  -o "Primer_Parcial_1ºh"  ./src/auxiliarCliente.o ./src/cliente.o ./src/informes.o ./src/main.o ./src/pedidoCliente.o ./src/utn.o   
Finished building target: Primer_Parcial_1ºh
 
13:30:50 **** Incremental Build of configuration Debug for project Primer_Parcial_1ºh ****
make all 
make: No se hace nada para 'all'.
13:31:03 **** Incremental Build of configuration Debug for project Primer_Parcial_1ºh ****
make all 
make: No se hace nada para 'all'.
13:33:01 **** Incremental Build of configuration Debug for project Primer_Parcial_1ºh ****
make all 
Building file: ../src/informes.c
Invoking: GCC C Compiler
gcc -O0 -g3 -Wall -c -fmessage-length=0 -MMD -MP -MF"src/informes.d" -MT"src/informes.o" -o "src/informes.o" "../src/informes.c"
Finished building: ../src/informes.c
 
Building file: ../src/main.c
Invoking: GCC C Compiler
gcc -O0 -g3 -Wall -c -fmessage-length=0 -MMD -MP -MF"src/main.d" -MT"src/main.o" -o "src/main.o" "../src/main.c"
Finished building: ../src/main.c
 
Building file: ../src/pedidoCliente.c
Invoking: GCC C Compiler
gcc -O0 -g3 -Wall -c -fmessage-length=0 -MMD -MP -MF"src/pedidoCliente.d" -MT"src/pedidoCliente.o" -o "src/pedidoCliente.o" "../src/pedidoCliente.c"
Finished building: ../src/pedidoCliente.c
 
Building target: Primer_Parcial_1ºh
Invoking: GCC C Linker
gcc  -o "Primer_Parcial_1ºh"  ./src/auxiliarCliente.o ./src/cliente.o ./src/informes.o ./src/main.o ./src/pedidoCliente.o ./src/utn.o   
Finished building target: Primer_Parcial_1ºh
 
13:36:37 **** Incremental Build of configuration Debug for project Primer_Parcial_1ºh ****
make all 
Building file: ../src/informes.c
Invoking: GCC C Compiler
gcc -O0 -g3 -Wall -c -fmessage-length=0 -MMD -MP -MF"src/informes.d" -MT"src/informes.o" -o "src/informes.o" "../src/informes.c"
Finished building: ../src/informes.c
 
Building file: ../src/main.c
Invoking: GCC C Compiler
gcc -O0 -g3 -Wall -c -fmessage-length=0 -MMD -MP -MF"src/main.d" -MT"src/main.o" -o "src/main.o" "../src/main.c"
Finished building: ../src/main.c
 
Building file: ../src/pedidoCliente.c
Invoking: GCC C Compiler
gcc -O0 -g3 -Wall -c -fmessage-length=0 -MMD -MP -MF"src/pedidoCliente.d" -MT"src/pedidoCliente.o" -o "src/pedidoCliente.o" "../src/pedidoCliente.c"
../src/pedidoCliente.c:532:5: error: two or more data types in declaration specifiers
 int int pedidoCliente_BuscarImprimirPedidosProcesadosConInformacionDelCliente(sCliente *aCliente,int lenAcliente,sPedidoCliente *aPedido,int lenApedido)
     ^~~
make: *** [src/subdir.mk:35: src/pedidoCliente.o] Error 1
"make all" terminated with exit code 2. Build might be incomplete.
13:36:57 **** Incremental Build of configuration Debug for project Primer_Parcial_1ºh ****
make all 
Building file: ../src/pedidoCliente.c
Invoking: GCC C Compiler
gcc -O0 -g3 -Wall -c -fmessage-length=0 -MMD -MP -MF"src/pedidoCliente.d" -MT"src/pedidoCliente.o" -o "src/pedidoCliente.o" "../src/pedidoCliente.c"
Finished building: ../src/pedidoCliente.c
 
Building target: Primer_Parcial_1ºh
Invoking: GCC C Linker
gcc  -o "Primer_Parcial_1ºh"  ./src/auxiliarCliente.o ./src/cliente.o ./src/informes.o ./src/main.o ./src/pedidoCliente.o ./src/utn.o   
Finished building target: Primer_Parcial_1ºh
 
13:39:22 **** Incremental Build of configuration Debug for project Primer_Parcial_1ºh ****
make all 
make: No se hace nada para 'all'.
13:41:27 **** Incremental Build of configuration Debug for project Primer_Parcial_1ºh ****
make all 
Building file: ../src/pedidoCliente.c
Invoking: GCC C Compiler
gcc -O0 -g3 -Wall -c -fmessage-length=0 -MMD -MP -MF"src/pedidoCliente.d" -MT"src/pedidoCliente.o" -o "src/pedidoCliente.o" "../src/pedidoCliente.c"
Finished building: ../src/pedidoCliente.c
 
Building target: Primer_Parcial_1ºh
Invoking: GCC C Linker
gcc  -o "Primer_Parcial_1ºh"  ./src/auxiliarCliente.o ./src/cliente.o ./src/informes.o ./src/main.o ./src/pedidoCliente.o ./src/utn.o   
Finished building target: Primer_Parcial_1ºh
 
13:44:06 **** Incremental Build of configuration Debug for project Primer_Parcial_1ºh ****
make all 
make: No se hace nada para 'all'.
13:45:29 **** Incremental Build of configuration Debug for project Primer_Parcial_1ºh ****
make all 
Building file: ../src/auxiliarCliente.c
Invoking: GCC C Compiler
gcc -O0 -g3 -Wall -c -fmessage-length=0 -MMD -MP -MF"src/auxiliarCliente.d" -MT"src/auxiliarCliente.o" -o "src/auxiliarCliente.o" "../src/auxiliarCliente.c"
Finished building: ../src/auxiliarCliente.c
 
Building file: ../src/cliente.c
Invoking: GCC C Compiler
gcc -O0 -g3 -Wall -c -fmessage-length=0 -MMD -MP -MF"src/cliente.d" -MT"src/cliente.o" -o "src/cliente.o" "../src/cliente.c"
Finished building: ../src/cliente.c
 
Building file: ../src/informes.c
Invoking: GCC C Compiler
gcc -O0 -g3 -Wall -c -fmessage-length=0 -MMD -MP -MF"src/informes.d" -MT"src/informes.o" -o "src/informes.o" "../src/informes.c"
Finished building: ../src/informes.c
 
Building file: ../src/main.c
Invoking: GCC C Compiler
gcc -O0 -g3 -Wall -c -fmessage-length=0 -MMD -MP -MF"src/main.d" -MT"src/main.o" -o "src/main.o" "../src/main.c"
Finished building: ../src/main.c
 
Building file: ../src/pedidoCliente.c
Invoking: GCC C Compiler
gcc -O0 -g3 -Wall -c -fmessage-length=0 -MMD -MP -MF"src/pedidoCliente.d" -MT"src/pedidoCliente.o" -o "src/pedidoCliente.o" "../src/pedidoCliente.c"
Finished building: ../src/pedidoCliente.c
 
Building file: ../src/utn.c
Invoking: GCC C Compiler
gcc -O0 -g3 -Wall -c -fmessage-length=0 -MMD -MP -MF"src/utn.d" -MT"src/utn.o" -o "src/utn.o" "../src/utn.c"
../src/utn.c: In function ‘getInt’:
../src/utn.c:44:8: warning: implicit declaration of function ‘getString’; did you mean ‘getline’? [-Wimplicit-function-declaration]
    if((getString(bufferStr,mensaje,mensajeError,1,50,2)==0) && (esInt(bufferStr))==0)
        ^~~~~~~~~
        getline
../src/utn.c:44:65: warning: implicit declaration of function ‘esInt’; did you mean ‘getInt’? [-Wimplicit-function-declaration]
    if((getString(bufferStr,mensaje,mensajeError,1,50,2)==0) && (esInt(bufferStr))==0)
                                                                 ^~~~~
                                                                 getInt
Finished building: ../src/utn.c
 
Building target: Primer_Parcial_1ºh
Invoking: GCC C Linker
gcc  -o "Primer_Parcial_1ºh"  ./src/auxiliarCliente.o ./src/cliente.o ./src/informes.o ./src/main.o ./src/pedidoCliente.o ./src/utn.o   
Finished building target: Primer_Parcial_1ºh
 
13:45:46 **** Incremental Build of configuration Debug for project Primer_Parcial_1ºh ****
make all 
Building file: ../src/utn.c
Invoking: GCC C Compiler
gcc -O0 -g3 -Wall -c -fmessage-length=0 -MMD -MP -MF"src/utn.d" -MT"src/utn.o" -o "src/utn.o" "../src/utn.c"
Finished building: ../src/utn.c
 
Building target: Primer_Parcial_1ºh
Invoking: GCC C Linker
gcc  -o "Primer_Parcial_1ºh"  ./src/auxiliarCliente.o ./src/cliente.o ./src/informes.o ./src/main.o ./src/pedidoCliente.o ./src/utn.o   
Finished building target: Primer_Parcial_1ºh
 
13:45:49 **** Incremental Build of configuration Debug for project Primer_Parcial_1ºh ****
make all 
make: No se hace nada para 'all'.
13:48:17 **** Incremental Build of configuration Debug for project Primer_Parcial_1ºh ****
make all 
Building file: ../src/cliente.c
Invoking: GCC C Compiler
gcc -O0 -g3 -Wall -c -fmessage-length=0 -MMD -MP -MF"src/cliente.d" -MT"src/cliente.o" -o "src/cliente.o" "../src/cliente.c"
Finished building: ../src/cliente.c
 
Building file: ../src/utn.c
Invoking: GCC C Compiler
gcc -O0 -g3 -Wall -c -fmessage-length=0 -MMD -MP -MF"src/utn.d" -MT"src/utn.o" -o "src/utn.o" "../src/utn.c"
Finished building: ../src/utn.c
 
Building target: Primer_Parcial_1ºh
Invoking: GCC C Linker
gcc  -o "Primer_Parcial_1ºh"  ./src/auxiliarCliente.o ./src/cliente.o ./src/informes.o ./src/main.o ./src/pedidoCliente.o ./src/utn.o   
Finished building target: Primer_Parcial_1ºh
 
13:49:40 **** Incremental Build of configuration Debug for project Primer_Parcial_1ºh ****
make all 
Building file: ../src/utn.c
Invoking: GCC C Compiler
gcc -O0 -g3 -Wall -c -fmessage-length=0 -MMD -MP -MF"src/utn.d" -MT"src/utn.o" -o "src/utn.o" "../src/utn.c"
Finished building: ../src/utn.c
 
Building target: Primer_Parcial_1ºh
Invoking: GCC C Linker
gcc  -o "Primer_Parcial_1ºh"  ./src/auxiliarCliente.o ./src/cliente.o ./src/informes.o ./src/main.o ./src/pedidoCliente.o ./src/utn.o   
Finished building target: Primer_Parcial_1ºh
 
13:49:44 **** Incremental Build of configuration Debug for project Primer_Parcial_1ºh ****
make all 
make: No se hace nada para 'all'.
13:50:28 **** Incremental Build of configuration Debug for project Primer_Parcial_1ºh ****
make all 
Building file: ../src/utn.c
Invoking: GCC C Compiler
gcc -O0 -g3 -Wall -c -fmessage-length=0 -MMD -MP -MF"src/utn.d" -MT"src/utn.o" -o "src/utn.o" "../src/utn.c"
Finished building: ../src/utn.c
 
Building target: Primer_Parcial_1ºh
Invoking: GCC C Linker
gcc  -o "Primer_Parcial_1ºh"  ./src/auxiliarCliente.o ./src/cliente.o ./src/informes.o ./src/main.o ./src/pedidoCliente.o ./src/utn.o   
Finished building target: Primer_Parcial_1ºh
 
13:50:55 **** Incremental Build of configuration Debug for project Primer_Parcial_1ºh ****
make all 
Building file: ../src/utn.c
Invoking: GCC C Compiler
gcc -O0 -g3 -Wall -c -fmessage-length=0 -MMD -MP -MF"src/utn.d" -MT"src/utn.o" -o "src/utn.o" "../src/utn.c"
../src/utn.c: In function ‘getInt’:
../src/utn.c:46:23: error: expected ‘;’ before ‘if’
     printf("str ok\n")
                       ^
                       ;
     if(esInt(bufferStr)==0)
     ~~                 
make: *** [src/subdir.mk:35: src/utn.o] Error 1
"make all" terminated with exit code 2. Build might be incomplete.
13:51:01 **** Incremental Build of configuration Debug for project Primer_Parcial_1ºh ****
make all 
Building file: ../src/utn.c
Invoking: GCC C Compiler
gcc -O0 -g3 -Wall -c -fmessage-length=0 -MMD -MP -MF"src/utn.d" -MT"src/utn.o" -o "src/utn.o" "../src/utn.c"
Finished building: ../src/utn.c
 
Building target: Primer_Parcial_1ºh
Invoking: GCC C Linker
gcc  -o "Primer_Parcial_1ºh"  ./src/auxiliarCliente.o ./src/cliente.o ./src/informes.o ./src/main.o ./src/pedidoCliente.o ./src/utn.o   
Finished building target: Primer_Parcial_1ºh
 
13:51:59 **** Incremental Build of configuration Debug for project Primer_Parcial_1ºh ****
make all 
Building file: ../src/utn.c
Invoking: GCC C Compiler
gcc -O0 -g3 -Wall -c -fmessage-length=0 -MMD -MP -MF"src/utn.d" -MT"src/utn.o" -o "src/utn.o" "../src/utn.c"
Finished building: ../src/utn.c
 
Building target: Primer_Parcial_1ºh
Invoking: GCC C Linker
gcc  -o "Primer_Parcial_1ºh"  ./src/auxiliarCliente.o ./src/cliente.o ./src/informes.o ./src/main.o ./src/pedidoCliente.o ./src/utn.o   
Finished building target: Primer_Parcial_1ºh
 
13:52:00 **** Incremental Build of configuration Debug for project Primer_Parcial_1ºh ****
make all 
make: No se hace nada para 'all'.
13:52:23 **** Incremental Build of configuration Debug for project Primer_Parcial_1ºh ****
make all 
Building file: ../src/utn.c
Invoking: GCC C Compiler
gcc -O0 -g3 -Wall -c -fmessage-length=0 -MMD -MP -MF"src/utn.d" -MT"src/utn.o" -o "src/utn.o" "../src/utn.c"
Finished building: ../src/utn.c
 
Building target: Primer_Parcial_1ºh
Invoking: GCC C Linker
gcc  -o "Primer_Parcial_1ºh"  ./src/auxiliarCliente.o ./src/cliente.o ./src/informes.o ./src/main.o ./src/pedidoCliente.o ./src/utn.o   
Finished building target: Primer_Parcial_1ºh
 
13:52:25 **** Incremental Build of configuration Debug for project Primer_Parcial_1ºh ****
make all 
make: No se hace nada para 'all'.
13:52:58 **** Incremental Build of configuration Debug for project Primer_Parcial_1ºh ****
make all 
Building file: ../src/utn.c
Invoking: GCC C Compiler
gcc -O0 -g3 -Wall -c -fmessage-length=0 -MMD -MP -MF"src/utn.d" -MT"src/utn.o" -o "src/utn.o" "../src/utn.c"
Finished building: ../src/utn.c
 
Building target: Primer_Parcial_1ºh
Invoking: GCC C Linker
gcc  -o "Primer_Parcial_1ºh"  ./src/auxiliarCliente.o ./src/cliente.o ./src/informes.o ./src/main.o ./src/pedidoCliente.o ./src/utn.o   
Finished building target: Primer_Parcial_1ºh
 
13:55:04 **** Incremental Build of configuration Debug for project Primer_Parcial_1ºh ****
make all 
Building file: ../src/utn.c
Invoking: GCC C Compiler
gcc -O0 -g3 -Wall -c -fmessage-length=0 -MMD -MP -MF"src/utn.d" -MT"src/utn.o" -o "src/utn.o" "../src/utn.c"
Finished building: ../src/utn.c
 
Building target: Primer_Parcial_1ºh
Invoking: GCC C Linker
gcc  -o "Primer_Parcial_1ºh"  ./src/auxiliarCliente.o ./src/cliente.o ./src/informes.o ./src/main.o ./src/pedidoCliente.o ./src/utn.o   
Finished building target: Primer_Parcial_1ºh
 
13:55:08 **** Incremental Build of configuration Debug for project Primer_Parcial_1ºh ****
make all 
make: No se hace nada para 'all'.
13:57:30 **** Incremental Build of configuration Debug for project Primer_Parcial_1ºh ****
make all 
Building file: ../src/utn.c
Invoking: GCC C Compiler
gcc -O0 -g3 -Wall -c -fmessage-length=0 -MMD -MP -MF"src/utn.d" -MT"src/utn.o" -o "src/utn.o" "../src/utn.c"
../src/utn.c: In function ‘getInt’:
../src/utn.c:50:16: warning: comparison between pointer and integer
      if(pNumero> maximo || pNumero<minimo)
                ^
../src/utn.c:50:35: warning: comparison between pointer and integer
      if(pNumero> maximo || pNumero<minimo)
                                   ^
Finished building: ../src/utn.c
 
Building target: Primer_Parcial_1ºh
Invoking: GCC C Linker
gcc  -o "Primer_Parcial_1ºh"  ./src/auxiliarCliente.o ./src/cliente.o ./src/informes.o ./src/main.o ./src/pedidoCliente.o ./src/utn.o   
Finished building target: Primer_Parcial_1ºh
 
13:57:43 **** Incremental Build of configuration Debug for project Primer_Parcial_1ºh ****
make all 
Building file: ../src/utn.c
Invoking: GCC C Compiler
gcc -O0 -g3 -Wall -c -fmessage-length=0 -MMD -MP -MF"src/utn.d" -MT"src/utn.o" -o "src/utn.o" "../src/utn.c"
Finished building: ../src/utn.c
 
Building target: Primer_Parcial_1ºh
Invoking: GCC C Linker
gcc  -o "Primer_Parcial_1ºh"  ./src/auxiliarCliente.o ./src/cliente.o ./src/informes.o ./src/main.o ./src/pedidoCliente.o ./src/utn.o   
Finished building target: Primer_Parcial_1ºh
 
13:57:46 **** Incremental Build of configuration Debug for project Primer_Parcial_1ºh ****
make all 
make: No se hace nada para 'all'.
17:42:18 **** Incremental Build of configuration Debug for project Primer_Parcial_1ºh ****
make all 
Building file: ../src/auxiliarCliente.c
Invoking: GCC C Compiler
gcc -O0 -g3 -Wall -c -fmessage-length=0 -MMD -MP -MF"src/auxiliarCliente.d" -MT"src/auxiliarCliente.o" -o "src/auxiliarCliente.o" "../src/auxiliarCliente.c"
Finished building: ../src/auxiliarCliente.c
 
Building file: ../src/cliente.c
Invoking: GCC C Compiler
gcc -O0 -g3 -Wall -c -fmessage-length=0 -MMD -MP -MF"src/cliente.d" -MT"src/cliente.o" -o "src/cliente.o" "../src/cliente.c"
Finished building: ../src/cliente.c
 
Building file: ../src/utn.c
Invoking: GCC C Compiler
gcc -O0 -g3 -Wall -c -fmessage-length=0 -MMD -MP -MF"src/utn.d" -MT"src/utn.o" -o "src/utn.o" "../src/utn.c"
Finished building: ../src/utn.c
 
Building target: Primer_Parcial_1ºh
Invoking: GCC C Linker
gcc  -o "Primer_Parcial_1ºh"  ./src/auxiliarCliente.o ./src/cliente.o ./src/informes.o ./src/main.o ./src/pedidoCliente.o ./src/utn.o   
Finished building target: Primer_Parcial_1ºh
 
18:05:39 **** Incremental Build of configuration Debug for project Primer_Parcial_1ºh ****
make all 
Building file: ../src/informes.c
Invoking: GCC C Compiler
gcc -O0 -g3 -Wall -c -fmessage-length=0 -MMD -MP -MF"src/informes.d" -MT"src/informes.o" -o "src/informes.o" "../src/informes.c"
../src/informes.c: In function ‘informes_3residuosConLimite’:
../src/informes.c:270:6: warning: variable ‘indexCliente’ set but not used [-Wunused-but-set-variable]
  int indexCliente;
      ^~~~~~~~~~~~
../src/informes.c:268:6: warning: unused variable ‘j’ [-Wunused-variable]
  int j;
      ^
../src/informes.c: At top level:
../src/informes.c:301:3: error: expected declaration specifiers or ‘...’ before ‘)’ token
   )
   ^
make: *** [src/subdir.mk:35: src/informes.o] Error 1
"make all" terminated with exit code 2. Build might be incomplete.
18:06:09 **** Incremental Build of configuration Debug for project Primer_Parcial_1ºh ****
make all 
Building file: ../src/informes.c
Invoking: GCC C Compiler
gcc -O0 -g3 -Wall -c -fmessage-length=0 -MMD -MP -MF"src/informes.d" -MT"src/informes.o" -o "src/informes.o" "../src/informes.c"
../src/informes.c: In function ‘informes_3residuosConLimite’:
../src/informes.c:270:6: warning: variable ‘indexCliente’ set but not used [-Wunused-but-set-variable]
  int indexCliente;
      ^~~~~~~~~~~~
../src/informes.c:268:6: warning: unused variable ‘j’ [-Wunused-variable]
  int j;
      ^
Finished building: ../src/informes.c
 
Building file: ../src/main.c
Invoking: GCC C Compiler
gcc -O0 -g3 -Wall -c -fmessage-length=0 -MMD -MP -MF"src/main.d" -MT"src/main.o" -o "src/main.o" "../src/main.c"
Finished building: ../src/main.c
 
Building target: Primer_Parcial_1ºh
Invoking: GCC C Linker
gcc  -o "Primer_Parcial_1ºh"  ./src/auxiliarCliente.o ./src/cliente.o ./src/informes.o ./src/main.o ./src/pedidoCliente.o ./src/utn.o   
Finished building target: Primer_Parcial_1ºh
 
18:06:27 **** Incremental Build of configuration Debug for project Primer_Parcial_1ºh ****
make all 
Building file: ../src/informes.c
Invoking: GCC C Compiler
gcc -O0 -g3 -Wall -c -fmessage-length=0 -MMD -MP -MF"src/informes.d" -MT"src/informes.o" -o "src/informes.o" "../src/informes.c"
../src/informes.c: In function ‘informes_3residuosConLimite’:
../src/informes.c:286:5: error: ‘indexCliente’ undeclared (first use in this function); did you mean ‘aAuxCLiente’?
     indexCliente = cliente_buscarClientePorId(aCliente,lenAcliente,aPedido[i].idCliente);
     ^~~~~~~~~~~~
     aAuxCLiente
../src/informes.c:286:5: note: each undeclared identifier is reported only once for each function it appears in
make: *** [src/subdir.mk:35: src/informes.o] Error 1
"make all" terminated with exit code 2. Build might be incomplete.
18:09:21 **** Incremental Build of configuration Debug for project Primer_Parcial_1ºh ****
make all 
Building file: ../src/informes.c
Invoking: GCC C Compiler
gcc -O0 -g3 -Wall -c -fmessage-length=0 -MMD -MP -MF"src/informes.d" -MT"src/informes.o" -o "src/informes.o" "../src/informes.c"
../src/informes.c: In function ‘informes_3residuosConLimite’:
../src/informes.c:287:35: error: expected expression before ‘sCliente’
   imprimirClientesPorIdAuxiliares(sCliente,lenAcliente,aAuxCLiente,lenaAuxCLiente);
                                   ^~~~~~~~
../src/informes.c:287:3: error: too few arguments to function ‘imprimirClientesPorIdAuxiliares’
   imprimirClientesPorIdAuxiliares(sCliente,lenAcliente,aAuxCLiente,lenaAuxCLiente);
   ^~~~~~~~~~~~~~~~~~~~~~~~~~~~~~~
In file included from ../src/informes.c:7:
../src/informes.h:41:5: note: declared here
 int imprimirClientesPorIdAuxiliares(sCliente *aCliente,int lenAcliente,sAuxiliarCliente *aAuxCLiente,int lenaAuxCLiente);
     ^~~~~~~~~~~~~~~~~~~~~~~~~~~~~~~
make: *** [src/subdir.mk:35: src/informes.o] Error 1
"make all" terminated with exit code 2. Build might be incomplete.
18:09:54 **** Incremental Build of configuration Debug for project Primer_Parcial_1ºh ****
make all 
Building file: ../src/informes.c
Invoking: GCC C Compiler
gcc -O0 -g3 -Wall -c -fmessage-length=0 -MMD -MP -MF"src/informes.d" -MT"src/informes.o" -o "src/informes.o" "../src/informes.c"
Finished building: ../src/informes.c
 
Building file: ../src/main.c
Invoking: GCC C Compiler
gcc -O0 -g3 -Wall -c -fmessage-length=0 -MMD -MP -MF"src/main.d" -MT"src/main.o" -o "src/main.o" "../src/main.c"
Finished building: ../src/main.c
 
Building target: Primer_Parcial_1ºh
Invoking: GCC C Linker
gcc  -o "Primer_Parcial_1ºh"  ./src/auxiliarCliente.o ./src/cliente.o ./src/informes.o ./src/main.o ./src/pedidoCliente.o ./src/utn.o   
/usr/bin/ld: ./src/informes.o: en la función `informes_3residuosConLimite':
/home/javijps/Parcial_2do_Cuatrimestre_2019_1-H/Primer_Parcial_1ºh/Debug/../src/informes.c:287: referencia a `imprimirClientesPorIdAuxiliares' sin definir
collect2: error: ld returned 1 exit status
make: *** [makefile:32: Primer_Parcial_1ºh] Error 1
"make all" terminated with exit code 2. Build might be incomplete.
18:10:17 **** Clean-only build of configuration Debug for project Primer_Parcial_1ºh ****
make clean 
rm -rf  ./src/auxiliarCliente.o ./src/cliente.o ./src/informes.o ./src/main.o ./src/pedidoCliente.o ./src/utn.o  ./src/auxiliarCliente.d ./src/cliente.d ./src/informes.d ./src/main.d ./src/pedidoCliente.d ./src/utn.d  Primer_Parcial_1ºh
 
18:10:37 **** Build of configuration Debug for project Primer_Parcial_1ºh ****
make all 
Building file: ../src/auxiliarCliente.c
Invoking: GCC C Compiler
gcc -O0 -g3 -Wall -c -fmessage-length=0 -MMD -MP -MF"src/auxiliarCliente.d" -MT"src/auxiliarCliente.o" -o "src/auxiliarCliente.o" "../src/auxiliarCliente.c"
Finished building: ../src/auxiliarCliente.c
 
Building file: ../src/cliente.c
Invoking: GCC C Compiler
gcc -O0 -g3 -Wall -c -fmessage-length=0 -MMD -MP -MF"src/cliente.d" -MT"src/cliente.o" -o "src/cliente.o" "../src/cliente.c"
Finished building: ../src/cliente.c
 
Building file: ../src/informes.c
Invoking: GCC C Compiler
gcc -O0 -g3 -Wall -c -fmessage-length=0 -MMD -MP -MF"src/informes.d" -MT"src/informes.o" -o "src/informes.o" "../src/informes.c"
Finished building: ../src/informes.c
 
Building file: ../src/main.c
Invoking: GCC C Compiler
gcc -O0 -g3 -Wall -c -fmessage-length=0 -MMD -MP -MF"src/main.d" -MT"src/main.o" -o "src/main.o" "../src/main.c"
Finished building: ../src/main.c
 
Building file: ../src/pedidoCliente.c
Invoking: GCC C Compiler
gcc -O0 -g3 -Wall -c -fmessage-length=0 -MMD -MP -MF"src/pedidoCliente.d" -MT"src/pedidoCliente.o" -o "src/pedidoCliente.o" "../src/pedidoCliente.c"
Finished building: ../src/pedidoCliente.c
 
Building file: ../src/utn.c
Invoking: GCC C Compiler
gcc -O0 -g3 -Wall -c -fmessage-length=0 -MMD -MP -MF"src/utn.d" -MT"src/utn.o" -o "src/utn.o" "../src/utn.c"
Finished building: ../src/utn.c
 
Building target: Primer_Parcial_1ºh
Invoking: GCC C Linker
gcc  -o "Primer_Parcial_1ºh"  ./src/auxiliarCliente.o ./src/cliente.o ./src/informes.o ./src/main.o ./src/pedidoCliente.o ./src/utn.o   
/usr/bin/ld: ./src/informes.o: en la función `informes_3residuosConLimite':
/home/javijps/Parcial_2do_Cuatrimestre_2019_1-H/Primer_Parcial_1ºh/Debug/../src/informes.c:287: referencia a `imprimirClientesPorIdAuxiliares' sin definir
collect2: error: ld returned 1 exit status
make: *** [makefile:32: Primer_Parcial_1ºh] Error 1
"make all" terminated with exit code 2. Build might be incomplete.
18:10:55 **** Incremental Build of configuration Debug for project Primer_Parcial_1ºh ****
make all 
Building file: ../src/informes.c
Invoking: GCC C Compiler
gcc -O0 -g3 -Wall -c -fmessage-length=0 -MMD -MP -MF"src/informes.d" -MT"src/informes.o" -o "src/informes.o" "../src/informes.c"
Finished building: ../src/informes.c
 
Building file: ../src/main.c
Invoking: GCC C Compiler
gcc -O0 -g3 -Wall -c -fmessage-length=0 -MMD -MP -MF"src/main.d" -MT"src/main.o" -o "src/main.o" "../src/main.c"
Finished building: ../src/main.c
 
Building target: Primer_Parcial_1ºh
Invoking: GCC C Linker
gcc  -o "Primer_Parcial_1ºh"  ./src/auxiliarCliente.o ./src/cliente.o ./src/informes.o ./src/main.o ./src/pedidoCliente.o ./src/utn.o   
Finished building target: Primer_Parcial_1ºh
 
18:17:49 **** Incremental Build of configuration Debug for project Primer_Parcial_1ºh ****
make all 
Building file: ../src/informes.c
Invoking: GCC C Compiler
gcc -O0 -g3 -Wall -c -fmessage-length=0 -MMD -MP -MF"src/informes.d" -MT"src/informes.o" -o "src/informes.o" "../src/informes.c"
Finished building: ../src/informes.c
 
Building file: ../src/main.c
Invoking: GCC C Compiler
gcc -O0 -g3 -Wall -c -fmessage-length=0 -MMD -MP -MF"src/main.d" -MT"src/main.o" -o "src/main.o" "../src/main.c"
../src/main.c: In function ‘main’:
../src/main.c:112:7: warning: implicit declaration of function ‘informes_3residuosConLimite’; did you mean ‘informes_contarPedidosPorCLiente’? [-Wimplicit-function-declaration]
    if(informes_3residuosConLimite(fCliente,5,fPedido,5,bAuxiliarCLiente,MAX_CLIENTES)==0)
       ^~~~~~~~~~~~~~~~~~~~~~~~~~~
       informes_contarPedidosPorCLiente
../src/main.c:113:24: error: stray ‘\’ in program
     printf("devuelve 0"\n);
                        ^
../src/main.c:113:24: error: expected ‘)’ before ‘n’
     printf("devuelve 0"\n);
                        ^~
                        )
make: *** [src/subdir.mk:35: src/main.o] Error 1
"make all" terminated with exit code 2. Build might be incomplete.
18:18:20 **** Incremental Build of configuration Debug for project Primer_Parcial_1ºh ****
make all 
Building file: ../src/main.c
Invoking: GCC C Compiler
gcc -O0 -g3 -Wall -c -fmessage-length=0 -MMD -MP -MF"src/main.d" -MT"src/main.o" -o "src/main.o" "../src/main.c"
../src/main.c: In function ‘main’:
../src/main.c:112:7: warning: implicit declaration of function ‘informes_3residuosConLimite’; did you mean ‘informes_contarPedidosPorCLiente’? [-Wimplicit-function-declaration]
    if(informes_3residuosConLimite(fCliente,5,fPedido,5,bAuxiliarCLiente,MAX_CLIENTES)==0)
       ^~~~~~~~~~~~~~~~~~~~~~~~~~~
       informes_contarPedidosPorCLiente
../src/main.c:113:24: error: stray ‘\’ in program
     printf("devuelve 0"\n);
                        ^
../src/main.c:113:24: error: expected ‘)’ before ‘n’
     printf("devuelve 0"\n);
                        ^~
                        )
make: *** [src/subdir.mk:35: src/main.o] Error 1
"make all" terminated with exit code 2. Build might be incomplete.
18:18:54 **** Incremental Build of configuration Debug for project Primer_Parcial_1ºh ****
make all 
Building file: ../src/informes.c
Invoking: GCC C Compiler
gcc -O0 -g3 -Wall -c -fmessage-length=0 -MMD -MP -MF"src/informes.d" -MT"src/informes.o" -o "src/informes.o" "../src/informes.c"
Finished building: ../src/informes.c
 
Building file: ../src/main.c
Invoking: GCC C Compiler
gcc -O0 -g3 -Wall -c -fmessage-length=0 -MMD -MP -MF"src/main.d" -MT"src/main.o" -o "src/main.o" "../src/main.c"
../src/main.c: In function ‘main’:
../src/main.c:113:24: error: stray ‘\’ in program
     printf("devuelve 0"\n);
                        ^
../src/main.c:113:24: error: expected ‘)’ before ‘n’
     printf("devuelve 0"\n);
                        ^~
                        )
make: *** [src/subdir.mk:35: src/main.o] Error 1
"make all" terminated with exit code 2. Build might be incomplete.
18:19:17 **** Incremental Build of configuration Debug for project Primer_Parcial_1ºh ****
make all 
Building file: ../src/main.c
Invoking: GCC C Compiler
gcc -O0 -g3 -Wall -c -fmessage-length=0 -MMD -MP -MF"src/main.d" -MT"src/main.o" -o "src/main.o" "../src/main.c"
Finished building: ../src/main.c
 
Building target: Primer_Parcial_1ºh
Invoking: GCC C Linker
gcc  -o "Primer_Parcial_1ºh"  ./src/auxiliarCliente.o ./src/cliente.o ./src/informes.o ./src/main.o ./src/pedidoCliente.o ./src/utn.o   
Finished building target: Primer_Parcial_1ºh
 
18:19:20 **** Incremental Build of configuration Debug for project Primer_Parcial_1ºh ****
make all 
make: No se hace nada para 'all'.
18:20:26 **** Incremental Build of configuration Debug for project Primer_Parcial_1ºh ****
make all 
Building file: ../src/pedidoCliente.c
Invoking: GCC C Compiler
gcc -O0 -g3 -Wall -c -fmessage-length=0 -MMD -MP -MF"src/pedidoCliente.d" -MT"src/pedidoCliente.o" -o "src/pedidoCliente.o" "../src/pedidoCliente.c"
Finished building: ../src/pedidoCliente.c
 
Building target: Primer_Parcial_1ºh
Invoking: GCC C Linker
gcc  -o "Primer_Parcial_1ºh"  ./src/auxiliarCliente.o ./src/cliente.o ./src/informes.o ./src/main.o ./src/pedidoCliente.o ./src/utn.o   
Finished building target: Primer_Parcial_1ºh
 
18:20:46 **** Incremental Build of configuration Debug for project Primer_Parcial_1ºh ****
make all 
make: No se hace nada para 'all'.
18:20:52 **** Incremental Build of configuration Debug for project Primer_Parcial_1ºh ****
make all 
make: No se hace nada para 'all'.
18:22:07 **** Incremental Build of configuration Debug for project Primer_Parcial_1ºh ****
make all 
Building file: ../src/informes.c
Invoking: GCC C Compiler
gcc -O0 -g3 -Wall -c -fmessage-length=0 -MMD -MP -MF"src/informes.d" -MT"src/informes.o" -o "src/informes.o" "../src/informes.c"
../src/informes.c: In function ‘imprimirClientesPorArrayAuxiliares’:
../src/informes.c:304:13: warning: too many arguments for format [-Wformat-extra-args]
      printf("\n-Id Cliente: %d\n"
             ^~~~~~~~~~~~~~~~~~~~~
Finished building: ../src/informes.c
 
Building target: Primer_Parcial_1ºh
Invoking: GCC C Linker
gcc  -o "Primer_Parcial_1ºh"  ./src/auxiliarCliente.o ./src/cliente.o ./src/informes.o ./src/main.o ./src/pedidoCliente.o ./src/utn.o   
Finished building target: Primer_Parcial_1ºh
 
18:22:19 **** Incremental Build of configuration Debug for project Primer_Parcial_1ºh ****
make all 
Building file: ../src/informes.c
Invoking: GCC C Compiler
gcc -O0 -g3 -Wall -c -fmessage-length=0 -MMD -MP -MF"src/informes.d" -MT"src/informes.o" -o "src/informes.o" "../src/informes.c"
../src/informes.c: In function ‘imprimirClientesPorArrayAuxiliares’:
../src/informes.c:304:13: warning: format ‘%s’ expects argument of type ‘char *’, but argument 4 has type ‘int’ [-Wformat=]
      printf("\n-Id Cliente: %d\n"
             ^~~~~~~~~~~~~~~~~~~~~
../src/informes.c:309:8:
        aCliente[j].idCliente);
        ~~~~~~~~~~~~~~~~~~~~~
../src/informes.c:306:15: note: format string is defined here
        "Cuit %s\n",
              ~^
              %d
Finished building: ../src/informes.c
 
Building target: Primer_Parcial_1ºh
Invoking: GCC C Linker
gcc  -o "Primer_Parcial_1ºh"  ./src/auxiliarCliente.o ./src/cliente.o ./src/informes.o ./src/main.o ./src/pedidoCliente.o ./src/utn.o   
Finished building target: Primer_Parcial_1ºh
 
18:22:48 **** Incremental Build of configuration Debug for project Primer_Parcial_1ºh ****
make all 
Building file: ../src/informes.c
Invoking: GCC C Compiler
gcc -O0 -g3 -Wall -c -fmessage-length=0 -MMD -MP -MF"src/informes.d" -MT"src/informes.o" -o "src/informes.o" "../src/informes.c"
Finished building: ../src/informes.c
 
Building target: Primer_Parcial_1ºh
Invoking: GCC C Linker
gcc  -o "Primer_Parcial_1ºh"  ./src/auxiliarCliente.o ./src/cliente.o ./src/informes.o ./src/main.o ./src/pedidoCliente.o ./src/utn.o   
Finished building target: Primer_Parcial_1ºh
 
18:22:50 **** Incremental Build of configuration Debug for project Primer_Parcial_1ºh ****
make all 
make: No se hace nada para 'all'.
